<?xml version="1.0" encoding="UTF-8"?>
<testng-results ignored="0" total="1" passed="1" failed="0" skipped="0">
  <reporter-output>
  </reporter-output>
  <suite started-at="2024-02-28T18:00:05 IST" name="Suite" finished-at="2024-02-28T18:00:18 IST" duration-ms="13531">
    <groups>
    </groups>
    <test started-at="2024-02-28T18:00:05 IST" name="Test" finished-at="2024-02-28T18:00:18 IST" duration-ms="13531">
      <class name="qa.testcases.flowtest">
        <test-method is-config="true" signature="initialise()[pri:0, instance:qa.testcases.flowtest@73eb439a]" started-at="2024-02-28T18:00:05 IST" name="initialise" finished-at="2024-02-28T18:00:14 IST" duration-ms="9242" status="PASS">
          <reporter-output>
          </reporter-output>
        </test-method> <!-- initialise -->
        <test-method signature="verfiyHelptest()[pri:0, instance:qa.testcases.flowtest@73eb439a]" started-at="2024-02-28T18:00:14 IST" name="verfiyHelptest" description="Verify context under help" finished-at="2024-02-28T18:00:18 IST" duration-ms="4252" status="PASS">
          <reporter-output>
          </reporter-output>
        </test-method> <!-- verfiyHelptest -->
      </class> <!-- qa.testcases.flowtest -->
    </test> <!-- Test -->
  </suite> <!-- Suite -->
</testng-results>
